

Started GET "/" for 127.0.0.1 at 2016-06-23 19:28:45 +0200

Mysql2::Error (Host '175.168.165.100' is not allowed to connect to this MySQL server):
  mysql2 (0.3.20) lib/mysql2/client.rb:70:in `connect'
  mysql2 (0.3.20) lib/mysql2/client.rb:70:in `initialize'
  activerecord (4.2.5) lib/active_record/connection_adapters/mysql2_adapter.rb:18:in `new'
  activerecord (4.2.5) lib/active_record/connection_adapters/mysql2_adapter.rb:18:in `mysql2_connection'
  activerecord (4.2.5) lib/active_record/connection_adapters/abstract/connection_pool.rb:438:in `new_connection'
  activerecord (4.2.5) lib/active_record/connection_adapters/abstract/connection_pool.rb:448:in `checkout_new_connection'
  activerecord (4.2.5) lib/active_record/connection_adapters/abstract/connection_pool.rb:422:in `acquire_connection'
  activerecord (4.2.5) lib/active_record/connection_adapters/abstract/connection_pool.rb:349:in `block in checkout'
  /Users/kkk2/.rbenv/versions/2.3.1/lib/ruby/2.3.0/monitor.rb:214:in `mon_synchronize'
  activerecord (4.2.5) lib/active_record/connection_adapters/abstract/connection_pool.rb:348:in `checkout'
  activerecord (4.2.5) lib/active_record/connection_adapters/abstract/connection_pool.rb:263:in `block in connection'
  /Users/kkk2/.rbenv/versions/2.3.1/lib/ruby/2.3.0/monitor.rb:214:in `mon_synchronize'
  activerecord (4.2.5) lib/active_record/connection_adapters/abstract/connection_pool.rb:262:in `connection'
  activerecord (4.2.5) lib/active_record/connection_adapters/abstract/connection_pool.rb:571:in `retrieve_connection'
  activerecord (4.2.5) lib/active_record/connection_handling.rb:113:in `retrieve_connection'
  activerecord (4.2.5) lib/active_record/connection_handling.rb:87:in `connection'
  activerecord (4.2.5) lib/active_record/migration.rb:383:in `connection'
  activerecord (4.2.5) lib/active_record/migration.rb:370:in `call'
  actionpack (4.2.5) lib/action_dispatch/middleware/callbacks.rb:29:in `block in call'
  activesupport (4.2.5) lib/active_support/callbacks.rb:88:in `__run_callbacks__'
  activesupport (4.2.5) lib/active_support/callbacks.rb:778:in `_run_call_callbacks'
  activesupport (4.2.5) lib/active_support/callbacks.rb:81:in `run_callbacks'
  actionpack (4.2.5) lib/action_dispatch/middleware/callbacks.rb:27:in `call'
  actionpack (4.2.5) lib/action_dispatch/middleware/reloader.rb:73:in `call'
  actionpack (4.2.5) lib/action_dispatch/middleware/remote_ip.rb:78:in `call'
  actionpack (4.2.5) lib/action_dispatch/middleware/debug_exceptions.rb:17:in `call'
  web-console (2.2.1) lib/web_console/middleware.rb:39:in `call'
  actionpack (4.2.5) lib/action_dispatch/middleware/show_exceptions.rb:30:in `call'
  railties (4.2.5) lib/rails/rack/logger.rb:38:in `call_app'
  railties (4.2.5) lib/rails/rack/logger.rb:20:in `block in call'
  activesupport (4.2.5) lib/active_support/tagged_logging.rb:68:in `block in tagged'
  activesupport (4.2.5) lib/active_support/tagged_logging.rb:26:in `tagged'
  activesupport (4.2.5) lib/active_support/tagged_logging.rb:68:in `tagged'
  railties (4.2.5) lib/rails/rack/logger.rb:20:in `call'
  actionpack (4.2.5) lib/action_dispatch/middleware/request_id.rb:21:in `call'
  rack (1.6.4) lib/rack/methodoverride.rb:22:in `call'
  rack (1.6.4) lib/rack/runtime.rb:18:in `call'
  activesupport (4.2.5) lib/active_support/cache/strategy/local_cache_middleware.rb:28:in `call'
  rack (1.6.4) lib/rack/lock.rb:17:in `call'
  actionpack (4.2.5) lib/action_dispatch/middleware/static.rb:116:in `call'
  rack (1.6.4) lib/rack/sendfile.rb:113:in `call'
  railties (4.2.5) lib/rails/engine.rb:518:in `call'
  railties (4.2.5) lib/rails/application.rb:165:in `call'
  rack (1.6.4) lib/rack/lock.rb:17:in `call'
  rack (1.6.4) lib/rack/content_length.rb:15:in `call'
  rack (1.6.4) lib/rack/handler/webrick.rb:88:in `service'
  /Users/kkk2/.rbenv/versions/2.3.1/lib/ruby/2.3.0/webrick/httpserver.rb:140:in `service'
  /Users/kkk2/.rbenv/versions/2.3.1/lib/ruby/2.3.0/webrick/httpserver.rb:96:in `run'
  /Users/kkk2/.rbenv/versions/2.3.1/lib/ruby/2.3.0/webrick/server.rb:296:in `block in start_thread'


  Rendered /Users/kkk2/.rbenv/versions/2.3.1/lib/ruby/gems/2.3.0/gems/actionpack-4.2.5/lib/action_dispatch/middleware/templates/rescues/_source.erb (2.2ms)
  Rendered /Users/kkk2/.rbenv/versions/2.3.1/lib/ruby/gems/2.3.0/gems/actionpack-4.2.5/lib/action_dispatch/middleware/templates/rescues/_trace.html.erb (2.0ms)
  Rendered /Users/kkk2/.rbenv/versions/2.3.1/lib/ruby/gems/2.3.0/gems/actionpack-4.2.5/lib/action_dispatch/middleware/templates/rescues/_request_and_response.html.erb (0.8ms)
  Rendered /Users/kkk2/.rbenv/versions/2.3.1/lib/ruby/gems/2.3.0/gems/actionpack-4.2.5/lib/action_dispatch/middleware/templates/rescues/diagnostics.html.erb within rescues/layout (93.0ms)
  Rendered /Users/kkk2/.rbenv/versions/2.3.1/lib/ruby/gems/2.3.0/gems/web-console-2.2.1/lib/web_console/templates/_markup.html.erb (0.4ms)
  Rendered /Users/kkk2/.rbenv/versions/2.3.1/lib/ruby/gems/2.3.0/gems/web-console-2.2.1/lib/web_console/templates/_inner_console_markup.html.erb within layouts/inlined_string (0.3ms)
  Rendered /Users/kkk2/.rbenv/versions/2.3.1/lib/ruby/gems/2.3.0/gems/web-console-2.2.1/lib/web_console/templates/_prompt_box_markup.html.erb within layouts/inlined_string (0.4ms)
  Rendered /Users/kkk2/.rbenv/versions/2.3.1/lib/ruby/gems/2.3.0/gems/web-console-2.2.1/lib/web_console/templates/style.css.erb within layouts/inlined_string (0.4ms)
  Rendered /Users/kkk2/.rbenv/versions/2.3.1/lib/ruby/gems/2.3.0/gems/web-console-2.2.1/lib/web_console/templates/console.js.erb within layouts/javascript (51.3ms)
  Rendered /Users/kkk2/.rbenv/versions/2.3.1/lib/ruby/gems/2.3.0/gems/web-console-2.2.1/lib/web_console/templates/main.js.erb within layouts/javascript (0.3ms)
  Rendered /Users/kkk2/.rbenv/versions/2.3.1/lib/ruby/gems/2.3.0/gems/web-console-2.2.1/lib/web_console/templates/error_page.js.erb within layouts/javascript (0.4ms)
  Rendered /Users/kkk2/.rbenv/versions/2.3.1/lib/ruby/gems/2.3.0/gems/web-console-2.2.1/lib/web_console/templates/index.html.erb (115.0ms)
  [1m[36m (77.3ms)[0m  [1mCREATE TABLE `schema_migrations` (`version` varchar(255) NOT NULL) ENGINE=InnoDB[0m
  [1m[35m (55.4ms)[0m  CREATE UNIQUE INDEX `unique_schema_migrations`  ON `schema_migrations` (`version`) 
  [1m[36mActiveRecord::SchemaMigration Load (0.4ms)[0m  [1mSELECT `schema_migrations`.* FROM `schema_migrations`[0m
Migrating to CreateMediaFiles (20151120131352)
  [1m[35m (36.1ms)[0m  CREATE TABLE `media_files` (`id` int(11) auto_increment PRIMARY KEY, `parse_url` text, `url` text, `name` varchar(255) NOT NULL, `created_at` datetime NOT NULL, `updated_at` datetime NOT NULL) ENGINE=InnoDB
  [1m[36m (1.1ms)[0m  [1mBEGIN[0m
  [1m[35mSQL (0.4ms)[0m  INSERT INTO `schema_migrations` (`version`) VALUES ('20151120131352')
  [1m[36m (16.3ms)[0m  [1mCOMMIT[0m
Migrating to CreateCategories (20151120131354)
  [1m[35m (35.5ms)[0m  CREATE TABLE `categories` (`id` int(11) auto_increment PRIMARY KEY, `parse_object_id` varchar(255), `name` varchar(255) NOT NULL, `order` int(11) NOT NULL, `thumbnail_id` int(11), `created_at` datetime NOT NULL, `updated_at` datetime NOT NULL) ENGINE=InnoDB
  [1m[36m (0.2ms)[0m  [1mBEGIN[0m
  [1m[35mSQL (0.3ms)[0m  INSERT INTO `schema_migrations` (`version`) VALUES ('20151120131354')
  [1m[36m (0.4ms)[0m  [1mCOMMIT[0m
Migrating to CreateCountries (20151120131355)
  [1m[35m (35.6ms)[0m  CREATE TABLE `countries` (`id` int(11) auto_increment PRIMARY KEY, `parse_object_id` varchar(255), `name` varchar(255) NOT NULL, `geoname_id` int(11), `thumbnail_id` int(11), `created_at` datetime NOT NULL, `updated_at` datetime NOT NULL) ENGINE=InnoDB
  [1m[36m (0.2ms)[0m  [1mBEGIN[0m
  [1m[35mSQL (0.2ms)[0m  INSERT INTO `schema_migrations` (`version`) VALUES ('20151120131355')
  [1m[36m (0.4ms)[0m  [1mCOMMIT[0m
Migrating to CreateStates (20151120131356)
  [1m[35m (35.5ms)[0m  CREATE TABLE `states` (`id` int(11) auto_increment PRIMARY KEY, `parse_object_id` varchar(255), `name` varchar(255) NOT NULL, `geoname_id` int(11), `country_id` int(11), `created_at` datetime NOT NULL, `updated_at` datetime NOT NULL,  INDEX `index_states_on_country_id`  (`country_id`) ) ENGINE=InnoDB
  [1m[36m (45.2ms)[0m  [1mALTER TABLE `states` ADD CONSTRAINT `fk_rails_40bd891262`
FOREIGN KEY (`country_id`)
  REFERENCES `countries` (`id`)
[0m
  [1m[35m (0.2ms)[0m  BEGIN
  [1m[36mSQL (0.3ms)[0m  [1mINSERT INTO `schema_migrations` (`version`) VALUES ('20151120131356')[0m
  [1m[35m (0.4ms)[0m  COMMIT
Migrating to CreateCities (20151120131357)
  [1m[36m (35.1ms)[0m  [1mCREATE TABLE `cities` (`id` int(11) auto_increment PRIMARY KEY, `parse_object_id` varchar(255), `name` varchar(255) NOT NULL, `geoname_id` int(11), `state_id` int(11), `created_at` datetime NOT NULL, `updated_at` datetime NOT NULL,  INDEX `index_cities_on_state_id`  (`state_id`) ) ENGINE=InnoDB[0m
  [1m[35m (8.0ms)[0m  ALTER TABLE `cities` ADD CONSTRAINT `fk_rails_59b5e22e07`
FOREIGN KEY (`state_id`)
  REFERENCES `states` (`id`)

  [1m[36m (0.2ms)[0m  [1mBEGIN[0m
  [1m[35mSQL (0.3ms)[0m  INSERT INTO `schema_migrations` (`version`) VALUES ('20151120131357')
  [1m[36m (0.4ms)[0m  [1mCOMMIT[0m
Migrating to CreatePlaces (20151120131358)
  [1m[35m (35.7ms)[0m  CREATE TABLE `places` (`id` int(11) auto_increment PRIMARY KEY, `parse_object_id` varchar(255), `name` varchar(255), `google_place_id` varchar(255), `latitude` float, `longitude` float, `created_at` datetime NOT NULL, `updated_at` datetime NOT NULL) ENGINE=InnoDB
  [1m[36m (0.2ms)[0m  [1mBEGIN[0m
  [1m[35mSQL (0.3ms)[0m  INSERT INTO `schema_migrations` (`version`) VALUES ('20151120131358')
  [1m[36m (0.4ms)[0m  [1mCOMMIT[0m
Migrating to CreateUsers (20151120131359)
  [1m[35m (36.3ms)[0m  CREATE TABLE `users` (`id` int(11) auto_increment PRIMARY KEY, `parse_object_id` varchar(255), `username` varchar(255), `name` varchar(255), `password_digest` varchar(255), `email` varchar(255), `first_name` varchar(255), `last_name` varchar(255), `gender` varchar(255), `address` text, `street_address` text, `profile_picture_id` int(11), `thumbnail_id` int(11), `facebook_token` text, `facebook_id` varchar(255), `facebook_token_expire_date` datetime, `email_verified` tinyint(1), `birthdate` datetime, `zip_code` varchar(255), `verified` tinyint(1), `city_id` int(11), `created_at` datetime NOT NULL, `updated_at` datetime NOT NULL,  INDEX `index_users_on_city_id`  (`city_id`) ) ENGINE=InnoDB
  [1m[36m (8.9ms)[0m  [1mALTER TABLE `users` ADD CONSTRAINT `fk_rails_9c7442481a`
FOREIGN KEY (`city_id`)
  REFERENCES `cities` (`id`)
[0m
  [1m[35m (0.5ms)[0m  BEGIN
  [1m[36mSQL (0.3ms)[0m  [1mINSERT INTO `schema_migrations` (`version`) VALUES ('20151120131359')[0m
  [1m[35m (0.6ms)[0m  COMMIT
Migrating to CreateInstallations (20151120131400)
  [1m[36m (37.0ms)[0m  [1mCREATE TABLE `installations` (`id` int(11) auto_increment PRIMARY KEY, `parse_object_id` varchar(255), `parse_installation_id` varchar(255), `app_identifier` varchar(255), `app_name` varchar(255), `app_version` varchar(255), `badge` int(11), `device_token` text, `device_token_last_modified` varchar(255), `device_type` varchar(255), `installation_key` text, `time_zone` varchar(255), `google_ad_id` text, `google_ad_id_limited` tinyint(1), `user_id` int(11), `created_at` datetime NOT NULL, `updated_at` datetime NOT NULL) ENGINE=InnoDB[0m
  [1m[35m (0.2ms)[0m  BEGIN
  [1m[36mSQL (0.3ms)[0m  [1mINSERT INTO `schema_migrations` (`version`) VALUES ('20151120131400')[0m
  [1m[35m (0.4ms)[0m  COMMIT
Migrating to CreateSessions (20151120131401)
  [1m[36m (36.2ms)[0m  [1mCREATE TABLE `sessions` (`id` int(11) auto_increment PRIMARY KEY, `access_token` varchar(255), `user_id` int(11), `installation_id` int(11), `expire_date` datetime, `expired` tinyint(1), `created_at` datetime NOT NULL, `updated_at` datetime NOT NULL,  INDEX `index_sessions_on_user_id`  (`user_id`) ,  INDEX `index_sessions_on_installation_id`  (`installation_id`) ) ENGINE=InnoDB[0m
  [1m[35m (134.0ms)[0m  ALTER TABLE `sessions` ADD CONSTRAINT `fk_rails_758836b4f0`
FOREIGN KEY (`user_id`)
  REFERENCES `users` (`id`)

  [1m[36m (11.0ms)[0m  [1mALTER TABLE `sessions` ADD CONSTRAINT `fk_rails_8746db2d05`
FOREIGN KEY (`installation_id`)
  REFERENCES `installations` (`id`)
[0m
  [1m[35m (0.5ms)[0m  BEGIN
  [1m[36mSQL (0.6ms)[0m  [1mINSERT INTO `schema_migrations` (`version`) VALUES ('20151120131401')[0m
  [1m[35m (0.6ms)[0m  COMMIT
Migrating to CreatePosts (20151120131403)
  [1m[36m (29.8ms)[0m  [1mCREATE TABLE `posts` (`id` int(11) auto_increment PRIMARY KEY, `parse_object_id` varchar(255), `caption` text, `category_id` int(11), `user_id` int(11), `place_id` int(11), `photo_id` int(11), `thumbnail_id` int(11), `video_id` int(11), `created_at` datetime NOT NULL, `updated_at` datetime NOT NULL,  INDEX `index_posts_on_category_id`  (`category_id`) ,  INDEX `index_posts_on_user_id`  (`user_id`) ,  INDEX `index_posts_on_place_id`  (`place_id`) ) ENGINE=InnoDB[0m
  [1m[35m (9.8ms)[0m  ALTER TABLE `posts` ADD CONSTRAINT `fk_rails_9b1b26f040`
FOREIGN KEY (`category_id`)
  REFERENCES `categories` (`id`)

  [1m[36m (8.4ms)[0m  [1mALTER TABLE `posts` ADD CONSTRAINT `fk_rails_5b5ddfd518`
FOREIGN KEY (`user_id`)
  REFERENCES `users` (`id`)
[0m
  [1m[35m (9.6ms)[0m  ALTER TABLE `posts` ADD CONSTRAINT `fk_rails_30e9363d74`
FOREIGN KEY (`place_id`)
  REFERENCES `places` (`id`)

  [1m[36m (0.2ms)[0m  [1mBEGIN[0m
  [1m[35mSQL (0.2ms)[0m  INSERT INTO `schema_migrations` (`version`) VALUES ('20151120131403')
  [1m[36m (0.5ms)[0m  [1mCOMMIT[0m
Migrating to CreateComments (20151120131404)
  [1m[35m (36.1ms)[0m  CREATE TABLE `comments` (`id` int(11) auto_increment PRIMARY KEY, `parse_object_id` varchar(255), `caption` text, `user_id` int(11), `post_id` int(11), `created_at` datetime NOT NULL, `updated_at` datetime NOT NULL,  INDEX `index_comments_on_user_id`  (`user_id`) ,  INDEX `index_comments_on_post_id`  (`post_id`) ) ENGINE=InnoDB
  [1m[36m (8.4ms)[0m  [1mALTER TABLE `comments` ADD CONSTRAINT `fk_rails_03de2dc08c`
FOREIGN KEY (`user_id`)
  REFERENCES `users` (`id`)
[0m
  [1m[35m (8.6ms)[0m  ALTER TABLE `comments` ADD CONSTRAINT `fk_rails_2fd19c0db7`
FOREIGN KEY (`post_id`)
  REFERENCES `posts` (`id`)

  [1m[36m (0.1ms)[0m  [1mBEGIN[0m
  [1m[35mSQL (0.3ms)[0m  INSERT INTO `schema_migrations` (`version`) VALUES ('20151120131404')
  [1m[36m (0.5ms)[0m  [1mCOMMIT[0m
Migrating to CreateActions (20151120131405)
  [1m[35m (35.9ms)[0m  CREATE TABLE `actions` (`id` int(11) auto_increment PRIMARY KEY, `parse_object_id` varchar(255), `user_id` int(11), `action_type` int(11), `referenced_object_id` int(11), `referenced_object_type` varchar(255), `referenced_user_id` int(11), `created_at` datetime NOT NULL, `updated_at` datetime NOT NULL,  INDEX `index_actions_on_user_id`  (`user_id`) ,  INDEX `index_actions_on_action_type`  (`action_type`) ,  INDEX `index_actions_on_referenced_object_id`  (`referenced_object_id`) ,  INDEX `index_actions_on_referenced_object_type`  (`referenced_object_type`) ,  INDEX `index_actions_on_referenced_user_id`  (`referenced_user_id`) ) ENGINE=InnoDB
  [1m[36m (22.2ms)[0m  [1mALTER TABLE `actions` ADD CONSTRAINT `fk_rails_8c6b5c12eb`
FOREIGN KEY (`user_id`)
  REFERENCES `users` (`id`)
[0m
  [1m[35m (0.1ms)[0m  BEGIN
  [1m[36mSQL (0.2ms)[0m  [1mINSERT INTO `schema_migrations` (`version`) VALUES ('20151120131405')[0m
  [1m[35m (7.7ms)[0m  COMMIT
Migrating to CreateRounds (20151120131406)
  [1m[36m (47.8ms)[0m  [1mCREATE TABLE `rounds` (`id` int(11) auto_increment PRIMARY KEY, `parse_object_id` varchar(255), `start_date` datetime, `end_date` datetime, `created_at` datetime NOT NULL, `updated_at` datetime NOT NULL) ENGINE=InnoDB[0m
  [1m[35m (0.2ms)[0m  BEGIN
  [1m[36mSQL (0.3ms)[0m  [1mINSERT INTO `schema_migrations` (`version`) VALUES ('20151120131406')[0m
  [1m[35m (0.4ms)[0m  COMMIT
Migrating to CreateWinningPosts (20151120131407)
  [1m[36m (35.3ms)[0m  [1mCREATE TABLE `winning_posts` (`id` int(11) auto_increment PRIMARY KEY, `round_id` int(11), `post_id` int(11), `created_at` datetime NOT NULL, `updated_at` datetime NOT NULL,  INDEX `index_winning_posts_on_round_id`  (`round_id`) ,  INDEX `index_winning_posts_on_post_id`  (`post_id`) ) ENGINE=InnoDB[0m
  [1m[35m (8.4ms)[0m  ALTER TABLE `winning_posts` ADD CONSTRAINT `fk_rails_61055a4237`
FOREIGN KEY (`round_id`)
  REFERENCES `rounds` (`id`)

  [1m[36m (9.7ms)[0m  [1mALTER TABLE `winning_posts` ADD CONSTRAINT `fk_rails_21744445d1`
FOREIGN KEY (`post_id`)
  REFERENCES `posts` (`id`)
[0m
  [1m[35m (0.2ms)[0m  BEGIN
  [1m[36mSQL (0.3ms)[0m  [1mINSERT INTO `schema_migrations` (`version`) VALUES ('20151120131407')[0m
  [1m[35m (0.4ms)[0m  COMMIT
Migrating to AddCountersToComments (20151130190331)
  [1m[36m (43.3ms)[0m  [1mALTER TABLE `comments` ADD `likes_count` int(11) DEFAULT 0 NOT NULL[0m
  [1m[35m (7.6ms)[0m  ALTER TABLE `comments` ADD `reports_count` int(11) DEFAULT 0 NOT NULL
  [1m[36m (0.1ms)[0m  [1mBEGIN[0m
  [1m[35mSQL (0.3ms)[0m  INSERT INTO `schema_migrations` (`version`) VALUES ('20151130190331')
  [1m[36m (0.4ms)[0m  [1mCOMMIT[0m
Migrating to AddCountersToPosts (20151130192512)
  [1m[35m (39.5ms)[0m  ALTER TABLE `posts` ADD `likes_count` int(11) DEFAULT 0 NOT NULL
  [1m[36m (7.9ms)[0m  [1mALTER TABLE `posts` ADD `reports_count` int(11) DEFAULT 0 NOT NULL[0m
  [1m[35m (8.0ms)[0m  ALTER TABLE `posts` ADD `votes_count` int(11) DEFAULT 0 NOT NULL
  [1m[36m (7.2ms)[0m  [1mALTER TABLE `posts` ADD `comments_count` int(11) DEFAULT 0 NOT NULL[0m
  [1m[35m (0.2ms)[0m  BEGIN
  [1m[36mSQL (0.2ms)[0m  [1mINSERT INTO `schema_migrations` (`version`) VALUES ('20151130192512')[0m
  [1m[35m (0.4ms)[0m  COMMIT
Migrating to AddCountersToUsers (20151130192554)
  [1m[36m (39.2ms)[0m  [1mALTER TABLE `users` ADD `posts_count` int(11) DEFAULT 0 NOT NULL[0m
  [1m[35m (7.8ms)[0m  ALTER TABLE `users` ADD `reports_count` int(11) DEFAULT 0 NOT NULL
  [1m[36m (6.9ms)[0m  [1mALTER TABLE `users` ADD `followers_count` int(11) DEFAULT 0 NOT NULL[0m
  [1m[35m (8.2ms)[0m  ALTER TABLE `users` ADD `follows_count` int(11) DEFAULT 0 NOT NULL
  [1m[36m (0.1ms)[0m  [1mBEGIN[0m
  [1m[35mSQL (0.3ms)[0m  INSERT INTO `schema_migrations` (`version`) VALUES ('20151130192554')
  [1m[36m (0.5ms)[0m  [1mCOMMIT[0m
Migrating to CreatePasswordResetCodes (20151203141012)
  [1m[35m (37.0ms)[0m  CREATE TABLE `password_reset_codes` (`id` int(11) auto_increment PRIMARY KEY, `user_id` int(11), `code` varchar(255), `expire_date` datetime, `used` tinyint(1), `created_at` datetime NOT NULL, `updated_at` datetime NOT NULL,  INDEX `index_password_reset_codes_on_user_id`  (`user_id`) ) ENGINE=InnoDB
  [1m[36m (12.5ms)[0m  [1mALTER TABLE `password_reset_codes` ADD CONSTRAINT `fk_rails_e13da7f1e6`
FOREIGN KEY (`user_id`)
  REFERENCES `users` (`id`)
[0m
  [1m[35m (0.2ms)[0m  BEGIN
  [1m[36mSQL (0.3ms)[0m  [1mINSERT INTO `schema_migrations` (`version`) VALUES ('20151203141012')[0m
  [1m[35m (0.5ms)[0m  COMMIT
Migrating to AddBlocksCountToUsers (20151207053218)
  [1m[36m (42.3ms)[0m  [1mALTER TABLE `users` ADD `blocks_count` int(11)[0m
  [1m[35m (0.4ms)[0m  BEGIN
  [1m[36mSQL (0.2ms)[0m  [1mINSERT INTO `schema_migrations` (`version`) VALUES ('20151207053218')[0m
  [1m[35m (0.3ms)[0m  COMMIT
Migrating to CreateTextMentions (20151207195604)
  [1m[36m (22.8ms)[0m  [1mCREATE TABLE `text_mentions` (`id` int(11) auto_increment PRIMARY KEY, `parse_object_id` varchar(255), `user_id` int(11), `referenced_object_id` int(11), `referenced_object_type` varchar(255), `referenced_user_id` int(11), `mention_start` int(11), `mention_end` int(11), `created_at` datetime NOT NULL, `updated_at` datetime NOT NULL,  INDEX `index_text_mentions_on_user_id`  (`user_id`) ,  INDEX `index_text_mentions_on_referenced_object_id`  (`referenced_object_id`) ,  INDEX `index_text_mentions_on_referenced_user_id`  (`referenced_user_id`) ) ENGINE=InnoDB[0m
  [1m[35m (10.9ms)[0m  ALTER TABLE `text_mentions` ADD CONSTRAINT `fk_rails_72c5dda0b0`
FOREIGN KEY (`user_id`)
  REFERENCES `users` (`id`)

  [1m[36m (0.2ms)[0m  [1mBEGIN[0m
  [1m[35mSQL (0.3ms)[0m  INSERT INTO `schema_migrations` (`version`) VALUES ('20151207195604')
  [1m[36m (0.5ms)[0m  [1mCOMMIT[0m
Migrating to CreateDelayedJobs (20151226225433)
  [1m[35m (35.1ms)[0m  CREATE TABLE `delayed_jobs` (`id` int(11) auto_increment PRIMARY KEY, `priority` int(11) DEFAULT 0 NOT NULL, `attempts` int(11) DEFAULT 0 NOT NULL, `handler` text NOT NULL, `last_error` text, `run_at` datetime, `locked_at` datetime, `failed_at` datetime, `locked_by` varchar(255), `queue` varchar(255), `created_at` datetime, `updated_at` datetime) ENGINE=InnoDB
  [1m[36m (4.1ms)[0m  [1mCREATE  INDEX `delayed_jobs_priority`  ON `delayed_jobs` (`priority`, `run_at`) [0m
  [1m[35m (0.1ms)[0m  BEGIN
  [1m[36mSQL (0.3ms)[0m  [1mINSERT INTO `schema_migrations` (`version`) VALUES ('20151226225433')[0m
  [1m[35m (0.4ms)[0m  COMMIT
Migrating to AddBioToUser (20151228203132)
  [1m[36m (37.5ms)[0m  [1mALTER TABLE `users` ADD `bio` text[0m
  [1m[35m (6.6ms)[0m  ALTER TABLE `users` ADD `link` varchar(255)
  [1m[36m (0.1ms)[0m  [1mBEGIN[0m
  [1m[35mSQL (0.3ms)[0m  INSERT INTO `schema_migrations` (`version`) VALUES ('20151228203132')
  [1m[36m (0.4ms)[0m  [1mCOMMIT[0m
Migrating to CreateReferralCodes (20151231010850)
  [1m[35m (35.2ms)[0m  CREATE TABLE `referral_codes` (`id` int(11) auto_increment PRIMARY KEY, `user_id` int(11), `code` varchar(255), `created_at` datetime NOT NULL, `updated_at` datetime NOT NULL,  INDEX `index_referral_codes_on_user_id`  (`user_id`) ) ENGINE=InnoDB
  [1m[36m (7.6ms)[0m  [1mALTER TABLE `referral_codes` ADD CONSTRAINT `fk_rails_a636218385`
FOREIGN KEY (`user_id`)
  REFERENCES `users` (`id`)
[0m
  [1m[35m (0.2ms)[0m  BEGIN
  [1m[36mSQL (0.3ms)[0m  [1mINSERT INTO `schema_migrations` (`version`) VALUES ('20151231010850')[0m
  [1m[35m (0.4ms)[0m  COMMIT
Migrating to AddOrderToWinningPosts (20160115205541)
  [1m[36m (38.9ms)[0m  [1mALTER TABLE `winning_posts` ADD `order` int(11)[0m
  [1m[35m (0.2ms)[0m  BEGIN
  [1m[36mSQL (0.2ms)[0m  [1mINSERT INTO `schema_migrations` (`version`) VALUES ('20160115205541')[0m
  [1m[35m (0.4ms)[0m  COMMIT
  [1m[36mActiveRecord::SchemaMigration Load (0.3ms)[0m  [1mSELECT `schema_migrations`.* FROM `schema_migrations`[0m
  [1m[35m (21.4ms)[0m  SELECT fk.referenced_table_name as 'to_table'
      ,fk.referenced_column_name as 'primary_key'
      ,fk.column_name as 'column'
      ,fk.constraint_name as 'name'
FROM information_schema.key_column_usage fk
WHERE fk.referenced_column_name is not null
  AND fk.table_schema = 'piccmee_dev'
  AND fk.table_name = 'actions'

  [1m[36m (0.2ms)[0m  [1mSHOW CREATE TABLE `actions`[0m
  [1m[35m (0.3ms)[0m  SELECT fk.referenced_table_name as 'to_table'
      ,fk.referenced_column_name as 'primary_key'
      ,fk.column_name as 'column'
      ,fk.constraint_name as 'name'
FROM information_schema.key_column_usage fk
WHERE fk.referenced_column_name is not null
  AND fk.table_schema = 'piccmee_dev'
  AND fk.table_name = 'categories'

  [1m[36m (0.2ms)[0m  [1mSHOW CREATE TABLE `categories`[0m
  [1m[35m (0.3ms)[0m  SELECT fk.referenced_table_name as 'to_table'
      ,fk.referenced_column_name as 'primary_key'
      ,fk.column_name as 'column'
      ,fk.constraint_name as 'name'
FROM information_schema.key_column_usage fk
WHERE fk.referenced_column_name is not null
  AND fk.table_schema = 'piccmee_dev'
  AND fk.table_name = 'cities'

  [1m[36m (0.2ms)[0m  [1mSHOW CREATE TABLE `cities`[0m
  [1m[35m (0.3ms)[0m  SELECT fk.referenced_table_name as 'to_table'
      ,fk.referenced_column_name as 'primary_key'
      ,fk.column_name as 'column'
      ,fk.constraint_name as 'name'
FROM information_schema.key_column_usage fk
WHERE fk.referenced_column_name is not null
  AND fk.table_schema = 'piccmee_dev'
  AND fk.table_name = 'comments'

  [1m[36m (0.2ms)[0m  [1mSHOW CREATE TABLE `comments`[0m
  [1m[35m (0.2ms)[0m  SELECT fk.referenced_table_name as 'to_table'
      ,fk.referenced_column_name as 'primary_key'
      ,fk.column_name as 'column'
      ,fk.constraint_name as 'name'
FROM information_schema.key_column_usage fk
WHERE fk.referenced_column_name is not null
  AND fk.table_schema = 'piccmee_dev'
  AND fk.table_name = 'countries'

  [1m[36m (0.2ms)[0m  [1mSHOW CREATE TABLE `countries`[0m
  [1m[35m (0.2ms)[0m  SELECT fk.referenced_table_name as 'to_table'
      ,fk.referenced_column_name as 'primary_key'
      ,fk.column_name as 'column'
      ,fk.constraint_name as 'name'
FROM information_schema.key_column_usage fk
WHERE fk.referenced_column_name is not null
  AND fk.table_schema = 'piccmee_dev'
  AND fk.table_name = 'delayed_jobs'

  [1m[36m (0.2ms)[0m  [1mSHOW CREATE TABLE `delayed_jobs`[0m
  [1m[35m (0.3ms)[0m  SELECT fk.referenced_table_name as 'to_table'
      ,fk.referenced_column_name as 'primary_key'
      ,fk.column_name as 'column'
      ,fk.constraint_name as 'name'
FROM information_schema.key_column_usage fk
WHERE fk.referenced_column_name is not null
  AND fk.table_schema = 'piccmee_dev'
  AND fk.table_name = 'installations'

  [1m[36m (0.2ms)[0m  [1mSHOW CREATE TABLE `installations`[0m
  [1m[35m (0.2ms)[0m  SELECT fk.referenced_table_name as 'to_table'
      ,fk.referenced_column_name as 'primary_key'
      ,fk.column_name as 'column'
      ,fk.constraint_name as 'name'
FROM information_schema.key_column_usage fk
WHERE fk.referenced_column_name is not null
  AND fk.table_schema = 'piccmee_dev'
  AND fk.table_name = 'media_files'

  [1m[36m (0.2ms)[0m  [1mSHOW CREATE TABLE `media_files`[0m
  [1m[35m (0.2ms)[0m  SELECT fk.referenced_table_name as 'to_table'
      ,fk.referenced_column_name as 'primary_key'
      ,fk.column_name as 'column'
      ,fk.constraint_name as 'name'
FROM information_schema.key_column_usage fk
WHERE fk.referenced_column_name is not null
  AND fk.table_schema = 'piccmee_dev'
  AND fk.table_name = 'password_reset_codes'

  [1m[36m (0.2ms)[0m  [1mSHOW CREATE TABLE `password_reset_codes`[0m
  [1m[35m (0.3ms)[0m  SELECT fk.referenced_table_name as 'to_table'
      ,fk.referenced_column_name as 'primary_key'
      ,fk.column_name as 'column'
      ,fk.constraint_name as 'name'
FROM information_schema.key_column_usage fk
WHERE fk.referenced_column_name is not null
  AND fk.table_schema = 'piccmee_dev'
  AND fk.table_name = 'places'

  [1m[36m (0.2ms)[0m  [1mSHOW CREATE TABLE `places`[0m
  [1m[35m (0.2ms)[0m  SELECT fk.referenced_table_name as 'to_table'
      ,fk.referenced_column_name as 'primary_key'
      ,fk.column_name as 'column'
      ,fk.constraint_name as 'name'
FROM information_schema.key_column_usage fk
WHERE fk.referenced_column_name is not null
  AND fk.table_schema = 'piccmee_dev'
  AND fk.table_name = 'posts'

  [1m[36m (0.2ms)[0m  [1mSHOW CREATE TABLE `posts`[0m
  [1m[35m (0.2ms)[0m  SELECT fk.referenced_table_name as 'to_table'
      ,fk.referenced_column_name as 'primary_key'
      ,fk.column_name as 'column'
      ,fk.constraint_name as 'name'
FROM information_schema.key_column_usage fk
WHERE fk.referenced_column_name is not null
  AND fk.table_schema = 'piccmee_dev'
  AND fk.table_name = 'referral_codes'

  [1m[36m (0.2ms)[0m  [1mSHOW CREATE TABLE `referral_codes`[0m
  [1m[35m (0.2ms)[0m  SELECT fk.referenced_table_name as 'to_table'
      ,fk.referenced_column_name as 'primary_key'
      ,fk.column_name as 'column'
      ,fk.constraint_name as 'name'
FROM information_schema.key_column_usage fk
WHERE fk.referenced_column_name is not null
  AND fk.table_schema = 'piccmee_dev'
  AND fk.table_name = 'rounds'

  [1m[36m (0.2ms)[0m  [1mSHOW CREATE TABLE `rounds`[0m
  [1m[35m (0.3ms)[0m  SELECT fk.referenced_table_name as 'to_table'
      ,fk.referenced_column_name as 'primary_key'
      ,fk.column_name as 'column'
      ,fk.constraint_name as 'name'
FROM information_schema.key_column_usage fk
WHERE fk.referenced_column_name is not null
  AND fk.table_schema = 'piccmee_dev'
  AND fk.table_name = 'sessions'

  [1m[36m (0.2ms)[0m  [1mSHOW CREATE TABLE `sessions`[0m
  [1m[35m (0.3ms)[0m  SELECT fk.referenced_table_name as 'to_table'
      ,fk.referenced_column_name as 'primary_key'
      ,fk.column_name as 'column'
      ,fk.constraint_name as 'name'
FROM information_schema.key_column_usage fk
WHERE fk.referenced_column_name is not null
  AND fk.table_schema = 'piccmee_dev'
  AND fk.table_name = 'states'

  [1m[36m (0.2ms)[0m  [1mSHOW CREATE TABLE `states`[0m
  [1m[35m (0.3ms)[0m  SELECT fk.referenced_table_name as 'to_table'
      ,fk.referenced_column_name as 'primary_key'
      ,fk.column_name as 'column'
      ,fk.constraint_name as 'name'
FROM information_schema.key_column_usage fk
WHERE fk.referenced_column_name is not null
  AND fk.table_schema = 'piccmee_dev'
  AND fk.table_name = 'text_mentions'

  [1m[36m (0.2ms)[0m  [1mSHOW CREATE TABLE `text_mentions`[0m
  [1m[35m (0.3ms)[0m  SELECT fk.referenced_table_name as 'to_table'
      ,fk.referenced_column_name as 'primary_key'
      ,fk.column_name as 'column'
      ,fk.constraint_name as 'name'
FROM information_schema.key_column_usage fk
WHERE fk.referenced_column_name is not null
  AND fk.table_schema = 'piccmee_dev'
  AND fk.table_name = 'users'

  [1m[36m (0.2ms)[0m  [1mSHOW CREATE TABLE `users`[0m
  [1m[35m (0.3ms)[0m  SELECT fk.referenced_table_name as 'to_table'
      ,fk.referenced_column_name as 'primary_key'
      ,fk.column_name as 'column'
      ,fk.constraint_name as 'name'
FROM information_schema.key_column_usage fk
WHERE fk.referenced_column_name is not null
  AND fk.table_schema = 'piccmee_dev'
  AND fk.table_name = 'winning_posts'

  [1m[36m (0.2ms)[0m  [1mSHOW CREATE TABLE `winning_posts`[0m


Started GET "/" for 127.0.0.1 at 2016-06-23 19:31:15 +0200
  [1m[36mActiveRecord::SchemaMigration Load (0.3ms)[0m  [1mSELECT `schema_migrations`.* FROM `schema_migrations`[0m
Processing by Get::GetController#show as HTML
  Rendered get/get/show.html.erb (194.8ms)
Completed 200 OK in 231ms (Views: 208.3ms | ActiveRecord: 0.0ms)


Started GET "/assets/icon175x175-a8f4b10d9cd299ed72eca8a3603b8c5f38ece8b8028ffc5ab5b0ca5bd5f46336.jpg" for 127.0.0.1 at 2016-06-23 19:31:15 +0200


Started GET "/assets/app_store-25178aeef6eb6b83b96f5f2d004eda3bffbb37122de64afbaef7107b384a4132.svg" for 127.0.0.1 at 2016-06-23 19:31:15 +0200


Started GET "/assets/favicon-cfd0ff63972ef9d237a0b957c2b1c174ad97508ec2b53a30083b0df9156cb6d7.ico" for 127.0.0.1 at 2016-06-23 19:31:17 +0200


Started GET "/media/1" for 127.0.0.1 at 2016-06-23 19:34:09 +0200
  [1m[36mActiveRecord::SchemaMigration Load (0.4ms)[0m  [1mSELECT `schema_migrations`.* FROM `schema_migrations`[0m
Processing by MediaFilesController#show as HTML
  Parameters: {"id"=>"1"}
Filter chain halted as :validate_api_key rendered or redirected
Completed 200 OK in 8ms (Views: 0.1ms | ActiveRecord: 0.0ms)


Started GET "/" for 127.0.0.1 at 2016-07-08 20:16:08 +0200
  [1m[36mActiveRecord::SchemaMigration Load (863.5ms)[0m  [1mSELECT `schema_migrations`.* FROM `schema_migrations`[0m
Processing by Get::GetController#show as HTML
  Rendered get/get/show.html.erb (1963.6ms)
Completed 200 OK in 2055ms (Views: 2020.2ms | ActiveRecord: 0.0ms)


Started GET "/assets/icon175x175-a8f4b10d9cd299ed72eca8a3603b8c5f38ece8b8028ffc5ab5b0ca5bd5f46336.jpg" for 127.0.0.1 at 2016-07-08 20:16:13 +0200


Started GET "/assets/app_store-25178aeef6eb6b83b96f5f2d004eda3bffbb37122de64afbaef7107b384a4132.svg" for 127.0.0.1 at 2016-07-08 20:16:13 +0200


Started GET "/assets/favicon-cfd0ff63972ef9d237a0b957c2b1c174ad97508ec2b53a30083b0df9156cb6d7.ico" for 127.0.0.1 at 2016-07-08 20:16:15 +0200


Started GET "/" for 127.0.0.1 at 2016-07-25 19:17:10 +0200
  [1m[36mActiveRecord::SchemaMigration Load (41.5ms)[0m  [1mSELECT `schema_migrations`.* FROM `schema_migrations`[0m
Processing by Get::GetController#show as HTML
  Rendered get/get/show.html.erb (175.9ms)
Completed 200 OK in 251ms (Views: 224.0ms | ActiveRecord: 0.0ms)


Started GET "/assets/icon175x175-a8f4b10d9cd299ed72eca8a3603b8c5f38ece8b8028ffc5ab5b0ca5bd5f46336.jpg" for 127.0.0.1 at 2016-07-25 19:17:11 +0200


Started GET "/assets/app_store-25178aeef6eb6b83b96f5f2d004eda3bffbb37122de64afbaef7107b384a4132.svg" for 127.0.0.1 at 2016-07-25 19:17:11 +0200


Started GET "/assets/favicon-cfd0ff63972ef9d237a0b957c2b1c174ad97508ec2b53a30083b0df9156cb6d7.ico" for 127.0.0.1 at 2016-07-25 19:17:13 +0200


Started GET "/imorts" for 127.0.0.1 at 2016-07-25 19:17:49 +0200

ActionController::RoutingError (No route matches [GET] "/imorts"):
  actionpack (4.2.5) lib/action_dispatch/middleware/debug_exceptions.rb:21:in `call'
  web-console (2.2.1) lib/web_console/middleware.rb:39:in `call'
  actionpack (4.2.5) lib/action_dispatch/middleware/show_exceptions.rb:30:in `call'
  railties (4.2.5) lib/rails/rack/logger.rb:38:in `call_app'
  railties (4.2.5) lib/rails/rack/logger.rb:20:in `block in call'
  activesupport (4.2.5) lib/active_support/tagged_logging.rb:68:in `block in tagged'
  activesupport (4.2.5) lib/active_support/tagged_logging.rb:26:in `tagged'
  activesupport (4.2.5) lib/active_support/tagged_logging.rb:68:in `tagged'
  railties (4.2.5) lib/rails/rack/logger.rb:20:in `call'
  actionpack (4.2.5) lib/action_dispatch/middleware/request_id.rb:21:in `call'
  rack (1.6.4) lib/rack/methodoverride.rb:22:in `call'
  rack (1.6.4) lib/rack/runtime.rb:18:in `call'
  activesupport (4.2.5) lib/active_support/cache/strategy/local_cache_middleware.rb:28:in `call'
  rack (1.6.4) lib/rack/lock.rb:17:in `call'
  actionpack (4.2.5) lib/action_dispatch/middleware/static.rb:116:in `call'
  rack (1.6.4) lib/rack/sendfile.rb:113:in `call'
  railties (4.2.5) lib/rails/engine.rb:518:in `call'
  railties (4.2.5) lib/rails/application.rb:165:in `call'
  rack (1.6.4) lib/rack/lock.rb:17:in `call'
  rack (1.6.4) lib/rack/content_length.rb:15:in `call'
  rack (1.6.4) lib/rack/handler/webrick.rb:88:in `service'
  /Users/kkk2/.rbenv/versions/2.3.1/lib/ruby/2.3.0/webrick/httpserver.rb:140:in `service'
  /Users/kkk2/.rbenv/versions/2.3.1/lib/ruby/2.3.0/webrick/httpserver.rb:96:in `run'
  /Users/kkk2/.rbenv/versions/2.3.1/lib/ruby/2.3.0/webrick/server.rb:296:in `block in start_thread'


  Rendered /Users/kkk2/.rbenv/versions/2.3.1/lib/ruby/gems/2.3.0/gems/actionpack-4.2.5/lib/action_dispatch/middleware/templates/rescues/_trace.html.erb (2.0ms)
  Rendered /Users/kkk2/.rbenv/versions/2.3.1/lib/ruby/gems/2.3.0/gems/actionpack-4.2.5/lib/action_dispatch/middleware/templates/routes/_route.html.erb (4.6ms)
  Rendered /Users/kkk2/.rbenv/versions/2.3.1/lib/ruby/gems/2.3.0/gems/actionpack-4.2.5/lib/action_dispatch/middleware/templates/routes/_table.html.erb (45.8ms)
  Rendered /Users/kkk2/.rbenv/versions/2.3.1/lib/ruby/gems/2.3.0/gems/actionpack-4.2.5/lib/action_dispatch/middleware/templates/rescues/_request_and_response.html.erb (1.8ms)
  Rendered /Users/kkk2/.rbenv/versions/2.3.1/lib/ruby/gems/2.3.0/gems/actionpack-4.2.5/lib/action_dispatch/middleware/templates/rescues/routing_error.html.erb within rescues/layout (193.5ms)
  Rendered /Users/kkk2/.rbenv/versions/2.3.1/lib/ruby/gems/2.3.0/gems/web-console-2.2.1/lib/web_console/templates/_markup.html.erb (0.4ms)
  Rendered /Users/kkk2/.rbenv/versions/2.3.1/lib/ruby/gems/2.3.0/gems/web-console-2.2.1/lib/web_console/templates/_inner_console_markup.html.erb within layouts/inlined_string (0.5ms)
  Rendered /Users/kkk2/.rbenv/versions/2.3.1/lib/ruby/gems/2.3.0/gems/web-console-2.2.1/lib/web_console/templates/_prompt_box_markup.html.erb within layouts/inlined_string (0.3ms)
  Rendered /Users/kkk2/.rbenv/versions/2.3.1/lib/ruby/gems/2.3.0/gems/web-console-2.2.1/lib/web_console/templates/style.css.erb within layouts/inlined_string (0.4ms)
  Rendered /Users/kkk2/.rbenv/versions/2.3.1/lib/ruby/gems/2.3.0/gems/web-console-2.2.1/lib/web_console/templates/console.js.erb within layouts/javascript (57.9ms)
  Rendered /Users/kkk2/.rbenv/versions/2.3.1/lib/ruby/gems/2.3.0/gems/web-console-2.2.1/lib/web_console/templates/main.js.erb within layouts/javascript (0.5ms)
  Rendered /Users/kkk2/.rbenv/versions/2.3.1/lib/ruby/gems/2.3.0/gems/web-console-2.2.1/lib/web_console/templates/error_page.js.erb within layouts/javascript (0.8ms)
  Rendered /Users/kkk2/.rbenv/versions/2.3.1/lib/ruby/gems/2.3.0/gems/web-console-2.2.1/lib/web_console/templates/index.html.erb (136.8ms)


Started GET "/imports" for 127.0.0.1 at 2016-07-25 19:17:55 +0200
Processing by ImportsController#all as HTML
Filter chain halted as :validate_secret_token rendered or redirected
Completed 200 OK in 1ms (Views: 0.1ms | ActiveRecord: 0.0ms)


Started GET "/imports/users" for 127.0.0.1 at 2016-07-25 19:18:16 +0200
Processing by ImportsController#users as HTML
Filter chain halted as :validate_secret_token rendered or redirected
Completed 200 OK in 1ms (Views: 0.1ms | ActiveRecord: 0.0ms)
